<?xml version="1.0" encoding="UTF-8"?>
<testsuite name="dio.junit.PessoaTest" tests="1" skipped="0" failures="0" errors="0" timestamp="2023-03-23T18:04:35" hostname="DESKTOP-NTTF2M3" time="0.059">
  <properties/>
  <testcase name="validarCalculoIdade()" classname="dio.junit.PessoaTest" time="0.059"/>
  <system-out><![CDATA[]]></system-out>
  <system-err><![CDATA[]]></system-err>
</testsuite>
